[debug] [2022-02-12T13:57:58.367Z] ----------------------------------------------------------------------
[debug] [2022-02-12T13:57:58.368Z] Command:       /Users/maomao/.nvm/versions/node/v12.22.0/bin/node /usr/local/bin/firebase deploy
[debug] [2022-02-12T13:57:58.368Z] CLI Version:   9.16.5
[debug] [2022-02-12T13:57:58.368Z] Platform:      darwin
[debug] [2022-02-12T13:57:58.368Z] Node Version:  v12.22.0
[debug] [2022-02-12T13:57:58.370Z] Time:          Sat Feb 12 2022 21:57:58 GMT+0800 (GMT+08:00)
[debug] [2022-02-12T13:57:58.370Z] ----------------------------------------------------------------------
[debug] 
[debug] [2022-02-12T13:57:58.374Z] >>> [apiv2][query] GET https://firebase-public.firebaseio.com/cli.json [none]
[debug] [2022-02-12T13:57:58.431Z] > command requires scopes: ["email","openid","https://www.googleapis.com/auth/cloudplatformprojects.readonly","https://www.googleapis.com/auth/firebase","https://www.googleapis.com/auth/cloud-platform"]
[debug] [2022-02-12T13:57:58.431Z] > authorizing via signed-in user (xunxing1989@gmail.com)
[debug] [2022-02-12T13:57:58.431Z] [iam] checking project blog-6a0bf for permissions ["firebase.projects.get","firebasehosting.sites.update"]
[debug] [2022-02-12T13:57:58.433Z] > refreshing access token with scopes: ["email","https://www.googleapis.com/auth/cloud-platform","https://www.googleapis.com/auth/cloudplatformprojects.readonly","https://www.googleapis.com/auth/firebase","openid"]
[debug] [2022-02-12T13:57:58.433Z] >>> HTTP REQUEST POST https://www.googleapis.com/oauth2/v3/token  
 <request body omitted>
[debug] [2022-02-12T13:57:58.465Z] [iam] error while checking permissions, command may fail: FirebaseError: Authentication Error: Your credentials are no longer valid. Please run firebase login --reauth

For CI servers and headless environments, generate a new token with firebase login:ci
[debug] [2022-02-12T13:57:58.466Z] > refreshing access token with scopes: []
[debug] [2022-02-12T13:57:58.466Z] >>> HTTP REQUEST POST https://www.googleapis.com/oauth2/v3/token  
 <request body omitted>
[debug] [2022-02-12T13:57:58.473Z] Authentication Error: Your credentials are no longer valid. Please run firebase login --reauth

For CI servers and headless environments, generate a new token with firebase login:ci
[debug] [2022-02-12T13:57:58.474Z] FirebaseError: Authentication Error: Your credentials are no longer valid. Please run firebase login --reauth

For CI servers and headless environments, generate a new token with firebase login:ci
    at invalidCredentialError (/usr/local/lib/node_modules/firebase-tools/lib/auth.js:141:12)
    at refreshTokens (/usr/local/lib/node_modules/firebase-tools/lib/auth.js:448:15)
    at processTicksAndRejections (internal/process/task_queues.js:97:5)
[error] 
[error] Error: Failed to get Firebase project blog-6a0bf. Please make sure the project exists and your account has permission to access it.
[debug] [2022-02-12T13:58:23.304Z] ----------------------------------------------------------------------
[debug] [2022-02-12T13:58:23.306Z] Command:       /Users/maomao/.nvm/versions/node/v10.24.1/bin/node /usr/local/bin/firebase deploy
[debug] [2022-02-12T13:58:23.306Z] CLI Version:   9.16.5
[debug] [2022-02-12T13:58:23.306Z] Platform:      darwin
[debug] [2022-02-12T13:58:23.306Z] Node Version:  v10.24.1
[debug] [2022-02-12T13:58:23.308Z] Time:          Sat Feb 12 2022 21:58:23 GMT+0800 (GMT+08:00)
[debug] [2022-02-12T13:58:23.308Z] ----------------------------------------------------------------------
[debug] 
[debug] [2022-02-12T13:58:23.312Z] >>> [apiv2][query] GET https://firebase-public.firebaseio.com/cli.json [none]
[debug] [2022-02-12T13:58:23.387Z] > command requires scopes: ["email","openid","https://www.googleapis.com/auth/cloudplatformprojects.readonly","https://www.googleapis.com/auth/firebase","https://www.googleapis.com/auth/cloud-platform"]
[debug] [2022-02-12T13:58:23.387Z] > authorizing via signed-in user (xunxing1989@gmail.com)
[debug] [2022-02-12T13:58:23.387Z] [iam] checking project blog-6a0bf for permissions ["firebase.projects.get","firebasehosting.sites.update"]
[debug] [2022-02-12T13:58:23.389Z] > refreshing access token with scopes: ["email","https://www.googleapis.com/auth/cloud-platform","https://www.googleapis.com/auth/cloudplatformprojects.readonly","https://www.googleapis.com/auth/firebase","openid"]
[debug] [2022-02-12T13:58:23.389Z] >>> HTTP REQUEST POST https://www.googleapis.com/oauth2/v3/token  
 <request body omitted>
[debug] [2022-02-12T13:58:23.425Z] [iam] error while checking permissions, command may fail: FirebaseError: Authentication Error: Your credentials are no longer valid. Please run firebase login --reauth

For CI servers and headless environments, generate a new token with firebase login:ci
[debug] [2022-02-12T13:58:23.426Z] > refreshing access token with scopes: []
[debug] [2022-02-12T13:58:23.426Z] >>> HTTP REQUEST POST https://www.googleapis.com/oauth2/v3/token  
 <request body omitted>
[debug] [2022-02-12T13:58:23.435Z] Authentication Error: Your credentials are no longer valid. Please run firebase login --reauth

For CI servers and headless environments, generate a new token with firebase login:ci
[debug] [2022-02-12T13:58:23.436Z] FirebaseError: Authentication Error: Your credentials are no longer valid. Please run firebase login --reauth

For CI servers and headless environments, generate a new token with firebase login:ci
    at invalidCredentialError (/usr/local/lib/node_modules/firebase-tools/lib/auth.js:141:12)
    at refreshTokens (/usr/local/lib/node_modules/firebase-tools/lib/auth.js:448:15)
    at process._tickCallback (internal/process/next_tick.js:68:7)
[error] 
[error] Error: Failed to get Firebase project blog-6a0bf. Please make sure the project exists and your account has permission to access it.
[debug] [2022-02-12T13:58:59.078Z] ----------------------------------------------------------------------
[debug] [2022-02-12T13:58:59.079Z] Command:       /Users/maomao/.nvm/versions/node/v10.24.1/bin/node /usr/local/bin/firebase deploy
[debug] [2022-02-12T13:58:59.080Z] CLI Version:   9.16.5
[debug] [2022-02-12T13:58:59.080Z] Platform:      darwin
[debug] [2022-02-12T13:58:59.080Z] Node Version:  v10.24.1
[debug] [2022-02-12T13:58:59.081Z] Time:          Sat Feb 12 2022 21:58:59 GMT+0800 (GMT+08:00)
[debug] [2022-02-12T13:58:59.081Z] ----------------------------------------------------------------------
[debug] 
[debug] [2022-02-12T13:58:59.085Z] >>> [apiv2][query] GET https://firebase-public.firebaseio.com/cli.json [none]
[debug] [2022-02-12T13:58:59.162Z] > command requires scopes: ["email","openid","https://www.googleapis.com/auth/cloudplatformprojects.readonly","https://www.googleapis.com/auth/firebase","https://www.googleapis.com/auth/cloud-platform"]
[debug] [2022-02-12T13:58:59.162Z] > authorizing via signed-in user (xunxing1989@gmail.com)
[debug] [2022-02-12T13:58:59.162Z] [iam] checking project blog-6a0bf for permissions ["firebase.projects.get","firebasehosting.sites.update"]
[debug] [2022-02-12T13:58:59.163Z] > refreshing access token with scopes: ["email","https://www.googleapis.com/auth/cloud-platform","https://www.googleapis.com/auth/cloudplatformprojects.readonly","https://www.googleapis.com/auth/firebase","openid"]
[debug] [2022-02-12T13:58:59.163Z] >>> HTTP REQUEST POST https://www.googleapis.com/oauth2/v3/token  
 <request body omitted>
[debug] [2022-02-12T13:58:59.190Z] [iam] error while checking permissions, command may fail: FirebaseError: Authentication Error: Your credentials are no longer valid. Please run firebase login --reauth

For CI servers and headless environments, generate a new token with firebase login:ci
[debug] [2022-02-12T13:58:59.191Z] > refreshing access token with scopes: []
[debug] [2022-02-12T13:58:59.191Z] >>> HTTP REQUEST POST https://www.googleapis.com/oauth2/v3/token  
 <request body omitted>
[debug] [2022-02-12T13:58:59.193Z] Authentication Error: Your credentials are no longer valid. Please run firebase login --reauth

For CI servers and headless environments, generate a new token with firebase login:ci
[debug] [2022-02-12T13:58:59.194Z] FirebaseError: Authentication Error: Your credentials are no longer valid. Please run firebase login --reauth

For CI servers and headless environments, generate a new token with firebase login:ci
    at invalidCredentialError (/usr/local/lib/node_modules/firebase-tools/lib/auth.js:141:12)
    at refreshTokens (/usr/local/lib/node_modules/firebase-tools/lib/auth.js:448:15)
    at process._tickCallback (internal/process/next_tick.js:68:7)
[error] 
[error] Error: Failed to get Firebase project blog-6a0bf. Please make sure the project exists and your account has permission to access it.
[debug] [2022-02-12T14:00:41.224Z] ----------------------------------------------------------------------
[debug] [2022-02-12T14:00:41.225Z] Command:       /usr/local/bin/node /usr/local/bin/firebase deploy
[debug] [2022-02-12T14:00:41.226Z] CLI Version:   9.16.5
[debug] [2022-02-12T14:00:41.226Z] Platform:      darwin
[debug] [2022-02-12T14:00:41.226Z] Node Version:  v14.16.0
[debug] [2022-02-12T14:00:41.235Z] Time:          Sat Feb 12 2022 22:00:41 GMT+0800 (中国标准时间)
[debug] [2022-02-12T14:00:41.235Z] ----------------------------------------------------------------------
[debug] 
[debug] [2022-02-12T14:00:41.241Z] >>> [apiv2][query] GET https://firebase-public.firebaseio.com/cli.json [none]
[debug] [2022-02-12T14:00:41.302Z] > command requires scopes: ["email","openid","https://www.googleapis.com/auth/cloudplatformprojects.readonly","https://www.googleapis.com/auth/firebase","https://www.googleapis.com/auth/cloud-platform"]
[debug] [2022-02-12T14:00:41.302Z] > authorizing via signed-in user (xunxing1989@gmail.com)
[debug] [2022-02-12T14:00:41.302Z] [iam] checking project blog-6a0bf for permissions ["firebase.projects.get","firebasehosting.sites.update"]
[debug] [2022-02-12T14:00:41.304Z] > refreshing access token with scopes: ["email","https://www.googleapis.com/auth/cloud-platform","https://www.googleapis.com/auth/cloudplatformprojects.readonly","https://www.googleapis.com/auth/firebase","openid"]
[debug] [2022-02-12T14:00:41.304Z] >>> HTTP REQUEST POST https://www.googleapis.com/oauth2/v3/token  
 <request body omitted>
[debug] [2022-02-12T14:00:41.344Z] [iam] error while checking permissions, command may fail: FirebaseError: Authentication Error: Your credentials are no longer valid. Please run firebase login --reauth

For CI servers and headless environments, generate a new token with firebase login:ci
[debug] [2022-02-12T14:00:41.345Z] > refreshing access token with scopes: []
[debug] [2022-02-12T14:00:41.345Z] >>> HTTP REQUEST POST https://www.googleapis.com/oauth2/v3/token  
 <request body omitted>
[debug] [2022-02-12T14:00:41.352Z] Authentication Error: Your credentials are no longer valid. Please run firebase login --reauth

For CI servers and headless environments, generate a new token with firebase login:ci
[debug] [2022-02-12T14:00:41.353Z] FirebaseError: Authentication Error: Your credentials are no longer valid. Please run firebase login --reauth

For CI servers and headless environments, generate a new token with firebase login:ci
    at invalidCredentialError (/usr/local/lib/node_modules/firebase-tools/lib/auth.js:141:12)
    at refreshTokens (/usr/local/lib/node_modules/firebase-tools/lib/auth.js:448:15)
    at processTicksAndRejections (internal/process/task_queues.js:93:5)
    at async Client.getAccessToken (/usr/local/lib/node_modules/firebase-tools/lib/apiv2.js:144:23)
    at async Client.addAuthHeader (/usr/local/lib/node_modules/firebase-tools/lib/apiv2.js:135:21)
    at async Client.request (/usr/local/lib/node_modules/firebase-tools/lib/apiv2.js:93:34)
    at async Object.getFirebaseProject (/usr/local/lib/node_modules/firebase-tools/lib/management/projects.js:290:21)
    at async Object.getDefaultHostingSite (/usr/local/lib/node_modules/firebase-tools/lib/getDefaultHostingSite.js:8:21)
    at async requireHostingSite (/usr/local/lib/node_modules/firebase-tools/lib/requireHostingSite.js:9:18)
    at async Object.fn (/usr/local/lib/node_modules/firebase-tools/lib/commands/deploy.js:65:9)
    at async /usr/local/lib/node_modules/firebase-tools/lib/command.js:182:17
[error] 
[error] Error: Failed to get Firebase project blog-6a0bf. Please make sure the project exists and your account has permission to access it.
[debug] [2022-02-12T14:05:40.176Z] ----------------------------------------------------------------------
[debug] [2022-02-12T14:05:40.178Z] Command:       /usr/local/bin/node /usr/local/bin/firebase login:ci
[debug] [2022-02-12T14:05:40.178Z] CLI Version:   9.16.5
[debug] [2022-02-12T14:05:40.179Z] Platform:      darwin
[debug] [2022-02-12T14:05:40.179Z] Node Version:  v14.16.0
[debug] [2022-02-12T14:05:40.185Z] Time:          Sat Feb 12 2022 22:05:40 GMT+0800 (中国标准时间)
[debug] [2022-02-12T14:05:40.185Z] ----------------------------------------------------------------------
[debug] 
[debug] [2022-02-12T14:05:40.191Z] >>> [apiv2][query] GET https://firebase-public.firebaseio.com/cli.json [none]
[info] 
[info] Visit this URL on this device to log in:
[info] https://accounts.google.com/o/oauth2/auth?client_id=563584335869-fgrhgmd47bqnekij5i8b5pr03ho849e6.apps.googleusercontent.com&scope=email%20openid%20https%3A%2F%2Fwww.googleapis.com%2Fauth%2Fcloudplatformprojects.readonly%20https%3A%2F%2Fwww.googleapis.com%2Fauth%2Ffirebase%20https%3A%2F%2Fwww.googleapis.com%2Fauth%2Fcloud-platform&response_type=code&state=647414725&redirect_uri=http%3A%2F%2Flocalhost%3A9005
[info] 
[info] Waiting for authentication...
[debug] [2022-02-12T14:05:51.447Z] >>> HTTP REQUEST POST https://accounts.google.com/o/oauth2/token  
 {"code":"4/0AX4XfWiu-fRvaWexSX1RBHPVzZX9HBpOGhtA0jWU2FKwsxlOVKVzCFD4KVNpohaYSjJDcQ","client_id":"563584335869-fgrhgmd47bqnekij5i8b5pr03ho849e6.apps.googleusercontent.com","client_secret":"j9iVZfS8kkCEFUPaAeJV0sAi","redirect_uri":"http://localhost:9005","grant_type":"authorization_code"}
[debug] [2022-02-12T14:05:51.460Z] Token Fetch Error: FirebaseError: Server Error. tunneling socket could not be established, cause=socket hang up
    at Request._callback (/usr/local/lib/node_modules/firebase-tools/lib/api.js:32:31)
    at self.callback (/usr/local/lib/node_modules/firebase-tools/node_modules/request/request.js:185:22)
    at Request.emit (events.js:315:20)
    at Request.EventEmitter.emit (domain.js:467:12)
    at Request.onRequestError (/usr/local/lib/node_modules/firebase-tools/node_modules/request/request.js:877:8)
    at ClientRequest.emit (events.js:315:20)
    at ClientRequest.EventEmitter.emit (domain.js:467:12)
    at ClientRequest.onError (/usr/local/lib/node_modules/firebase-tools/node_modules/tunnel-agent/index.js:179:21)
    at Object.onceWrapper (events.js:422:26)
    at ClientRequest.emit (events.js:315:20)
    at ClientRequest.EventEmitter.emit (domain.js:467:12)
    at Socket.socketOnEnd (_http_client.js:493:9)
    at Socket.emit (events.js:327:22)
    at Socket.EventEmitter.emit (domain.js:467:12)
    at endReadableNT (internal/streams/readable.js:1327:12)
    at processTicksAndRejections (internal/process/task_queues.js:80:21)
[info] 
[info] Visit this URL on any device to log in:
[info] https://accounts.google.com/o/oauth2/auth?client_id=563584335869-fgrhgmd47bqnekij5i8b5pr03ho849e6.apps.googleusercontent.com&scope=email%20openid%20https%3A%2F%2Fwww.googleapis.com%2Fauth%2Fcloudplatformprojects.readonly%20https%3A%2F%2Fwww.googleapis.com%2Fauth%2Ffirebase%20https%3A%2F%2Fwww.googleapis.com%2Fauth%2Fcloud-platform&response_type=code&state=647414725&redirect_uri=urn%3Aietf%3Awg%3Aoauth%3A2.0%3Aoob
[info] 
[debug] [2022-02-15T14:46:17.763Z] ----------------------------------------------------------------------
[debug] [2022-02-15T14:46:17.765Z] Command:       /usr/local/bin/node /usr/local/bin/firebase deploy
[debug] [2022-02-15T14:46:17.765Z] CLI Version:   9.16.5
[debug] [2022-02-15T14:46:17.765Z] Platform:      darwin
[debug] [2022-02-15T14:46:17.765Z] Node Version:  v14.16.0
[debug] [2022-02-15T14:46:17.772Z] Time:          Tue Feb 15 2022 22:46:17 GMT+0800 (中国标准时间)
[debug] [2022-02-15T14:46:17.772Z] ----------------------------------------------------------------------
[debug] 
[debug] [2022-02-15T14:46:17.777Z] >>> [apiv2][query] GET https://firebase-public.firebaseio.com/cli.json [none]
[debug] [2022-02-15T14:46:17.843Z] > command requires scopes: ["email","openid","https://www.googleapis.com/auth/cloudplatformprojects.readonly","https://www.googleapis.com/auth/firebase","https://www.googleapis.com/auth/cloud-platform"]
[debug] [2022-02-15T14:46:17.843Z] > authorizing via signed-in user (xunxing1989@gmail.com)
[debug] [2022-02-15T14:46:17.844Z] [iam] checking project blog-6a0bf for permissions ["firebase.projects.get","firebasehosting.sites.update"]
[debug] [2022-02-15T14:46:17.845Z] > refreshing access token with scopes: ["email","https://www.googleapis.com/auth/cloud-platform","https://www.googleapis.com/auth/cloudplatformprojects.readonly","https://www.googleapis.com/auth/firebase","openid"]
[debug] [2022-02-15T14:46:17.845Z] >>> HTTP REQUEST POST https://www.googleapis.com/oauth2/v3/token  
 <request body omitted>
[debug] [2022-02-15T14:46:17.865Z] [iam] error while checking permissions, command may fail: FirebaseError: Authentication Error: Your credentials are no longer valid. Please run firebase login --reauth

For CI servers and headless environments, generate a new token with firebase login:ci
[debug] [2022-02-15T14:46:17.866Z] > refreshing access token with scopes: []
[debug] [2022-02-15T14:46:17.866Z] >>> HTTP REQUEST POST https://www.googleapis.com/oauth2/v3/token  
 <request body omitted>
[debug] [2022-02-15T14:46:17.870Z] Authentication Error: Your credentials are no longer valid. Please run firebase login --reauth

For CI servers and headless environments, generate a new token with firebase login:ci
[debug] [2022-02-15T14:46:17.871Z] FirebaseError: Authentication Error: Your credentials are no longer valid. Please run firebase login --reauth

For CI servers and headless environments, generate a new token with firebase login:ci
    at invalidCredentialError (/usr/local/lib/node_modules/firebase-tools/lib/auth.js:141:12)
    at refreshTokens (/usr/local/lib/node_modules/firebase-tools/lib/auth.js:448:15)
    at processTicksAndRejections (internal/process/task_queues.js:93:5)
    at async Client.getAccessToken (/usr/local/lib/node_modules/firebase-tools/lib/apiv2.js:144:23)
    at async Client.addAuthHeader (/usr/local/lib/node_modules/firebase-tools/lib/apiv2.js:135:21)
    at async Client.request (/usr/local/lib/node_modules/firebase-tools/lib/apiv2.js:93:34)
    at async Object.getFirebaseProject (/usr/local/lib/node_modules/firebase-tools/lib/management/projects.js:290:21)
    at async Object.getDefaultHostingSite (/usr/local/lib/node_modules/firebase-tools/lib/getDefaultHostingSite.js:8:21)
    at async requireHostingSite (/usr/local/lib/node_modules/firebase-tools/lib/requireHostingSite.js:9:18)
    at async Object.fn (/usr/local/lib/node_modules/firebase-tools/lib/commands/deploy.js:65:9)
    at async /usr/local/lib/node_modules/firebase-tools/lib/command.js:182:17
[error] 
[error] Error: Failed to get Firebase project blog-6a0bf. Please make sure the project exists and your account has permission to access it.
[debug] [2022-02-15T14:46:42.221Z] ----------------------------------------------------------------------
[debug] [2022-02-15T14:46:42.223Z] Command:       /Users/maomao/.nvm/versions/node/v11.0.0/bin/node /Users/maomao/.nvm/versions/node/v11.0.0/bin/firebase deploy
[debug] [2022-02-15T14:46:42.223Z] CLI Version:   9.16.5
[debug] [2022-02-15T14:46:42.223Z] Platform:      darwin
[debug] [2022-02-15T14:46:42.223Z] Node Version:  v11.0.0
[debug] [2022-02-15T14:46:42.225Z] Time:          Tue Feb 15 2022 22:46:42 GMT+0800 (GMT+08:00)
[debug] [2022-02-15T14:46:42.225Z] ----------------------------------------------------------------------
[debug] 
[debug] [2022-02-15T14:46:42.228Z] >>> [apiv2][query] GET https://firebase-public.firebaseio.com/cli.json [none]
[debug] [2022-02-15T14:46:42.318Z] > command requires scopes: ["email","openid","https://www.googleapis.com/auth/cloudplatformprojects.readonly","https://www.googleapis.com/auth/firebase","https://www.googleapis.com/auth/cloud-platform"]
[debug] [2022-02-15T14:46:42.318Z] > authorizing via signed-in user (xunxing1989@gmail.com)
[debug] [2022-02-15T14:46:42.318Z] [iam] checking project blog-6a0bf for permissions ["firebase.projects.get","firebasehosting.sites.update"]
[debug] [2022-02-15T14:46:42.320Z] > refreshing access token with scopes: ["email","https://www.googleapis.com/auth/cloud-platform","https://www.googleapis.com/auth/cloudplatformprojects.readonly","https://www.googleapis.com/auth/firebase","openid"]
[debug] [2022-02-15T14:46:42.320Z] >>> HTTP REQUEST POST https://www.googleapis.com/oauth2/v3/token  
 <request body omitted>
[debug] [2022-02-15T14:46:42.335Z] [iam] error while checking permissions, command may fail: FirebaseError: Authentication Error: Your credentials are no longer valid. Please run firebase login --reauth

For CI servers and headless environments, generate a new token with firebase login:ci
[debug] [2022-02-15T14:46:42.336Z] > refreshing access token with scopes: []
[debug] [2022-02-15T14:46:42.337Z] >>> HTTP REQUEST POST https://www.googleapis.com/oauth2/v3/token  
 <request body omitted>
[debug] [2022-02-15T14:46:42.339Z] Authentication Error: Your credentials are no longer valid. Please run firebase login --reauth

For CI servers and headless environments, generate a new token with firebase login:ci
[debug] [2022-02-15T14:46:42.341Z] FirebaseError: Authentication Error: Your credentials are no longer valid. Please run firebase login --reauth

For CI servers and headless environments, generate a new token with firebase login:ci
    at invalidCredentialError (/Users/maomao/.nvm/versions/node/v11.0.0/lib/node_modules/firebase-tools/lib/auth.js:141:12)
    at refreshTokens (/Users/maomao/.nvm/versions/node/v11.0.0/lib/node_modules/firebase-tools/lib/auth.js:448:15)
    at process.internalTickCallback (internal/process/next_tick.js:77:7)
[error] 
[error] Error: Failed to get Firebase project blog-6a0bf. Please make sure the project exists and your account has permission to access it.
[debug] [2022-02-15T14:47:07.509Z] ----------------------------------------------------------------------
[debug] [2022-02-15T14:47:07.511Z] Command:       /Users/maomao/.nvm/versions/node/v11.0.0/bin/node /Users/maomao/.nvm/versions/node/v11.0.0/bin/firebase deploy
[debug] [2022-02-15T14:47:07.512Z] CLI Version:   9.16.5
[debug] [2022-02-15T14:47:07.512Z] Platform:      darwin
[debug] [2022-02-15T14:47:07.512Z] Node Version:  v11.0.0
[debug] [2022-02-15T14:47:07.513Z] Time:          Tue Feb 15 2022 22:47:07 GMT+0800 (GMT+08:00)
[debug] [2022-02-15T14:47:07.513Z] ----------------------------------------------------------------------
[debug] 
[debug] [2022-02-15T14:47:07.516Z] >>> [apiv2][query] GET https://firebase-public.firebaseio.com/cli.json [none]
[debug] [2022-02-15T14:47:07.603Z] > command requires scopes: ["email","openid","https://www.googleapis.com/auth/cloudplatformprojects.readonly","https://www.googleapis.com/auth/firebase","https://www.googleapis.com/auth/cloud-platform"]
[debug] [2022-02-15T14:47:07.604Z] > authorizing via signed-in user (xunxing1989@gmail.com)
[debug] [2022-02-15T14:47:07.604Z] [iam] checking project blog-6a0bf for permissions ["firebase.projects.get","firebasehosting.sites.update"]
[debug] [2022-02-15T14:47:07.606Z] > refreshing access token with scopes: ["email","https://www.googleapis.com/auth/cloud-platform","https://www.googleapis.com/auth/cloudplatformprojects.readonly","https://www.googleapis.com/auth/firebase","openid"]
[debug] [2022-02-15T14:47:07.606Z] >>> HTTP REQUEST POST https://www.googleapis.com/oauth2/v3/token  
 <request body omitted>
[debug] [2022-02-15T14:48:24.741Z] ----------------------------------------------------------------------
[debug] [2022-02-15T14:48:24.743Z] Command:       /Users/maomao/.nvm/versions/node/v11.0.0/bin/node /Users/maomao/.nvm/versions/node/v11.0.0/bin/firebase deploy
[debug] [2022-02-15T14:48:24.744Z] CLI Version:   9.16.5
[debug] [2022-02-15T14:48:24.744Z] Platform:      darwin
[debug] [2022-02-15T14:48:24.744Z] Node Version:  v11.0.0
[debug] [2022-02-15T14:48:24.745Z] Time:          Tue Feb 15 2022 22:48:24 GMT+0800 (GMT+08:00)
[debug] [2022-02-15T14:48:24.745Z] ----------------------------------------------------------------------
[debug] 
[debug] [2022-02-15T14:48:24.749Z] >>> [apiv2][query] GET https://firebase-public.firebaseio.com/cli.json [none]
[debug] [2022-02-15T14:48:24.828Z] > command requires scopes: ["email","openid","https://www.googleapis.com/auth/cloudplatformprojects.readonly","https://www.googleapis.com/auth/firebase","https://www.googleapis.com/auth/cloud-platform"]
[debug] [2022-02-15T14:48:24.828Z] > authorizing via signed-in user (xunxing1989@gmail.com)
[debug] [2022-02-15T14:48:24.829Z] [iam] checking project blog-6a0bf for permissions ["firebase.projects.get","firebasehosting.sites.update"]
[debug] [2022-02-15T14:48:24.830Z] > refreshing access token with scopes: ["email","https://www.googleapis.com/auth/cloud-platform","https://www.googleapis.com/auth/cloudplatformprojects.readonly","https://www.googleapis.com/auth/firebase","openid"]
[debug] [2022-02-15T14:48:24.830Z] >>> HTTP REQUEST POST https://www.googleapis.com/oauth2/v3/token  
 <request body omitted>
[debug] [2022-02-15T14:48:24.862Z] [iam] error while checking permissions, command may fail: FirebaseError: Authentication Error: Your credentials are no longer valid. Please run firebase login --reauth

For CI servers and headless environments, generate a new token with firebase login:ci
[debug] [2022-02-15T14:48:24.863Z] > refreshing access token with scopes: []
[debug] [2022-02-15T14:48:24.863Z] >>> HTTP REQUEST POST https://www.googleapis.com/oauth2/v3/token  
 <request body omitted>
[debug] [2022-02-15T14:48:24.865Z] Authentication Error: Your credentials are no longer valid. Please run firebase login --reauth

For CI servers and headless environments, generate a new token with firebase login:ci
[debug] [2022-02-15T14:48:24.867Z] FirebaseError: Authentication Error: Your credentials are no longer valid. Please run firebase login --reauth

For CI servers and headless environments, generate a new token with firebase login:ci
    at invalidCredentialError (/Users/maomao/.nvm/versions/node/v11.0.0/lib/node_modules/firebase-tools/lib/auth.js:141:12)
    at refreshTokens (/Users/maomao/.nvm/versions/node/v11.0.0/lib/node_modules/firebase-tools/lib/auth.js:448:15)
    at process.internalTickCallback (internal/process/next_tick.js:77:7)
[error] 
[error] Error: Failed to get Firebase project blog-6a0bf. Please make sure the project exists and your account has permission to access it.
[debug] [2022-02-15T14:52:43.657Z] ----------------------------------------------------------------------
[debug] [2022-02-15T14:52:43.659Z] Command:       /Users/maomao/.nvm/versions/node/v12.22.0/bin/node /usr/local/bin/firebase deploy
[debug] [2022-02-15T14:52:43.659Z] CLI Version:   9.16.5
[debug] [2022-02-15T14:52:43.659Z] Platform:      darwin
[debug] [2022-02-15T14:52:43.659Z] Node Version:  v12.22.0
[debug] [2022-02-15T14:52:43.667Z] Time:          Tue Feb 15 2022 22:52:43 GMT+0800 (GMT+08:00)
[debug] [2022-02-15T14:52:43.667Z] ----------------------------------------------------------------------
[debug] 
[debug] [2022-02-15T14:52:43.672Z] >>> [apiv2][query] GET https://firebase-public.firebaseio.com/cli.json [none]
[debug] [2022-02-15T14:52:43.733Z] > command requires scopes: ["email","openid","https://www.googleapis.com/auth/cloudplatformprojects.readonly","https://www.googleapis.com/auth/firebase","https://www.googleapis.com/auth/cloud-platform"]
[debug] [2022-02-15T14:52:43.733Z] > authorizing via signed-in user (xunxing1989@gmail.com)
[debug] [2022-02-15T14:52:43.733Z] [iam] checking project blog-6a0bf for permissions ["firebase.projects.get","firebasehosting.sites.update"]
[debug] [2022-02-15T14:52:43.735Z] > refreshing access token with scopes: ["email","https://www.googleapis.com/auth/cloud-platform","https://www.googleapis.com/auth/cloudplatformprojects.readonly","https://www.googleapis.com/auth/firebase","openid"]
[debug] [2022-02-15T14:52:43.735Z] >>> HTTP REQUEST POST https://www.googleapis.com/oauth2/v3/token  
 <request body omitted>
[debug] [2022-02-15T14:52:43.774Z] [iam] error while checking permissions, command may fail: FirebaseError: Authentication Error: Your credentials are no longer valid. Please run firebase login --reauth

For CI servers and headless environments, generate a new token with firebase login:ci
[debug] [2022-02-15T14:52:43.774Z] > refreshing access token with scopes: []
[debug] [2022-02-15T14:52:43.775Z] >>> HTTP REQUEST POST https://www.googleapis.com/oauth2/v3/token  
 <request body omitted>
[debug] [2022-02-15T14:52:43.783Z] Authentication Error: Your credentials are no longer valid. Please run firebase login --reauth

For CI servers and headless environments, generate a new token with firebase login:ci
[debug] [2022-02-15T14:52:43.785Z] FirebaseError: Authentication Error: Your credentials are no longer valid. Please run firebase login --reauth

For CI servers and headless environments, generate a new token with firebase login:ci
    at invalidCredentialError (/usr/local/lib/node_modules/firebase-tools/lib/auth.js:141:12)
    at refreshTokens (/usr/local/lib/node_modules/firebase-tools/lib/auth.js:448:15)
    at processTicksAndRejections (internal/process/task_queues.js:97:5)
[error] 
[error] Error: Failed to get Firebase project blog-6a0bf. Please make sure the project exists and your account has permission to access it.
[debug] [2022-02-15T14:56:38.584Z] ----------------------------------------------------------------------
[debug] [2022-02-15T14:56:38.586Z] Command:       /usr/local/bin/node /usr/local/bin/firebase deploy
[debug] [2022-02-15T14:56:38.586Z] CLI Version:   9.16.5
[debug] [2022-02-15T14:56:38.586Z] Platform:      darwin
[debug] [2022-02-15T14:56:38.586Z] Node Version:  v14.16.0
[debug] [2022-02-15T14:56:38.593Z] Time:          Tue Feb 15 2022 22:56:38 GMT+0800 (中国标准时间)
[debug] [2022-02-15T14:56:38.593Z] ----------------------------------------------------------------------
[debug] 
[debug] [2022-02-15T14:56:38.599Z] >>> [apiv2][query] GET https://firebase-public.firebaseio.com/cli.json [none]
[debug] [2022-02-15T14:56:38.665Z] > command requires scopes: ["email","openid","https://www.googleapis.com/auth/cloudplatformprojects.readonly","https://www.googleapis.com/auth/firebase","https://www.googleapis.com/auth/cloud-platform"]
[debug] [2022-02-15T14:56:38.666Z] > authorizing via signed-in user (xunxing1989@gmail.com)
[debug] [2022-02-15T14:56:38.666Z] [iam] checking project blog-6a0bf for permissions ["firebase.projects.get","firebasehosting.sites.update"]
[debug] [2022-02-15T14:56:38.667Z] > refreshing access token with scopes: ["email","https://www.googleapis.com/auth/cloud-platform","https://www.googleapis.com/auth/cloudplatformprojects.readonly","https://www.googleapis.com/auth/firebase","openid"]
[debug] [2022-02-15T14:56:38.667Z] >>> HTTP REQUEST POST https://www.googleapis.com/oauth2/v3/token  
 <request body omitted>
[debug] [2022-02-15T14:56:38.712Z] [iam] error while checking permissions, command may fail: FirebaseError: Authentication Error: Your credentials are no longer valid. Please run firebase login --reauth

For CI servers and headless environments, generate a new token with firebase login:ci
[debug] [2022-02-15T14:56:38.712Z] > refreshing access token with scopes: []
[debug] [2022-02-15T14:56:38.713Z] >>> HTTP REQUEST POST https://www.googleapis.com/oauth2/v3/token  
 <request body omitted>
[debug] [2022-02-15T14:56:38.721Z] Authentication Error: Your credentials are no longer valid. Please run firebase login --reauth

For CI servers and headless environments, generate a new token with firebase login:ci
[debug] [2022-02-15T14:56:38.723Z] FirebaseError: Authentication Error: Your credentials are no longer valid. Please run firebase login --reauth

For CI servers and headless environments, generate a new token with firebase login:ci
    at invalidCredentialError (/usr/local/lib/node_modules/firebase-tools/lib/auth.js:141:12)
    at refreshTokens (/usr/local/lib/node_modules/firebase-tools/lib/auth.js:448:15)
    at processTicksAndRejections (internal/process/task_queues.js:93:5)
    at async Client.getAccessToken (/usr/local/lib/node_modules/firebase-tools/lib/apiv2.js:144:23)
    at async Client.addAuthHeader (/usr/local/lib/node_modules/firebase-tools/lib/apiv2.js:135:21)
    at async Client.request (/usr/local/lib/node_modules/firebase-tools/lib/apiv2.js:93:34)
    at async Object.getFirebaseProject (/usr/local/lib/node_modules/firebase-tools/lib/management/projects.js:290:21)
    at async Object.getDefaultHostingSite (/usr/local/lib/node_modules/firebase-tools/lib/getDefaultHostingSite.js:8:21)
    at async requireHostingSite (/usr/local/lib/node_modules/firebase-tools/lib/requireHostingSite.js:9:18)
    at async Object.fn (/usr/local/lib/node_modules/firebase-tools/lib/commands/deploy.js:65:9)
    at async /usr/local/lib/node_modules/firebase-tools/lib/command.js:182:17
[error] 
[error] Error: Failed to get Firebase project blog-6a0bf. Please make sure the project exists and your account has permission to access it.
[debug] [2022-02-15T15:08:55.378Z] ----------------------------------------------------------------------
[debug] [2022-02-15T15:08:55.380Z] Command:       /Users/maomao/.nvm/versions/node/v12.22.0/bin/node /usr/local/bin/firebase deploy
[debug] [2022-02-15T15:08:55.380Z] CLI Version:   9.16.5
[debug] [2022-02-15T15:08:55.380Z] Platform:      darwin
[debug] [2022-02-15T15:08:55.380Z] Node Version:  v12.22.0
[debug] [2022-02-15T15:08:55.389Z] Time:          Tue Feb 15 2022 23:08:55 GMT+0800 (GMT+08:00)
[debug] [2022-02-15T15:08:55.389Z] ----------------------------------------------------------------------
[debug] 
[debug] [2022-02-15T15:08:55.395Z] >>> [apiv2][query] GET https://firebase-public.firebaseio.com/cli.json [none]
[debug] [2022-02-15T15:08:55.477Z] > command requires scopes: ["email","openid","https://www.googleapis.com/auth/cloudplatformprojects.readonly","https://www.googleapis.com/auth/firebase","https://www.googleapis.com/auth/cloud-platform"]
[debug] [2022-02-15T15:08:55.477Z] > authorizing via signed-in user (xunxing1989@gmail.com)
[debug] [2022-02-15T15:08:55.477Z] [iam] checking project blog-6a0bf for permissions ["firebase.projects.get","firebasehosting.sites.update"]
[debug] [2022-02-15T15:08:55.478Z] > refreshing access token with scopes: ["email","https://www.googleapis.com/auth/cloud-platform","https://www.googleapis.com/auth/cloudplatformprojects.readonly","https://www.googleapis.com/auth/firebase","openid"]
[debug] [2022-02-15T15:08:55.479Z] >>> HTTP REQUEST POST https://www.googleapis.com/oauth2/v3/token  
 <request body omitted>
[debug] [2022-02-15T15:08:55.517Z] [iam] error while checking permissions, command may fail: FirebaseError: Authentication Error: Your credentials are no longer valid. Please run firebase login --reauth

For CI servers and headless environments, generate a new token with firebase login:ci
[debug] [2022-02-15T15:08:55.518Z] > refreshing access token with scopes: []
[debug] [2022-02-15T15:08:55.518Z] >>> HTTP REQUEST POST https://www.googleapis.com/oauth2/v3/token  
 <request body omitted>
[debug] [2022-02-15T15:08:55.526Z] Authentication Error: Your credentials are no longer valid. Please run firebase login --reauth

For CI servers and headless environments, generate a new token with firebase login:ci
[debug] [2022-02-15T15:08:55.527Z] FirebaseError: Authentication Error: Your credentials are no longer valid. Please run firebase login --reauth

For CI servers and headless environments, generate a new token with firebase login:ci
    at invalidCredentialError (/usr/local/lib/node_modules/firebase-tools/lib/auth.js:141:12)
    at refreshTokens (/usr/local/lib/node_modules/firebase-tools/lib/auth.js:448:15)
    at processTicksAndRejections (internal/process/task_queues.js:97:5)
[error] 
[error] Error: Failed to get Firebase project blog-6a0bf. Please make sure the project exists and your account has permission to access it.
[debug] [2022-02-15T15:09:33.304Z] ----------------------------------------------------------------------
[debug] [2022-02-15T15:09:33.306Z] Command:       /Users/maomao/.nvm/versions/node/v12.22.0/bin/node /usr/local/bin/firebase deploy
[debug] [2022-02-15T15:09:33.307Z] CLI Version:   9.16.5
[debug] [2022-02-15T15:09:33.307Z] Platform:      darwin
[debug] [2022-02-15T15:09:33.307Z] Node Version:  v12.22.0
[debug] [2022-02-15T15:09:33.308Z] Time:          Tue Feb 15 2022 23:09:33 GMT+0800 (GMT+08:00)
[debug] [2022-02-15T15:09:33.308Z] ----------------------------------------------------------------------
[debug] 
[debug] [2022-02-15T15:09:33.313Z] >>> [apiv2][query] GET https://firebase-public.firebaseio.com/cli.json [none]
[debug] [2022-02-15T15:09:33.373Z] > command requires scopes: ["email","openid","https://www.googleapis.com/auth/cloudplatformprojects.readonly","https://www.googleapis.com/auth/firebase","https://www.googleapis.com/auth/cloud-platform"]
[debug] [2022-02-15T15:09:33.373Z] > authorizing via signed-in user (xunxing1989@gmail.com)
[debug] [2022-02-15T15:09:33.373Z] [iam] checking project blog-6a0bf for permissions ["firebase.projects.get","firebasehosting.sites.update"]
[debug] [2022-02-15T15:09:33.374Z] > refreshing access token with scopes: ["email","https://www.googleapis.com/auth/cloud-platform","https://www.googleapis.com/auth/cloudplatformprojects.readonly","https://www.googleapis.com/auth/firebase","openid"]
[debug] [2022-02-15T15:09:33.375Z] >>> HTTP REQUEST POST https://www.googleapis.com/oauth2/v3/token  
 <request body omitted>
[debug] [2022-02-15T15:09:33.405Z] [iam] error while checking permissions, command may fail: FirebaseError: Authentication Error: Your credentials are no longer valid. Please run firebase login --reauth

For CI servers and headless environments, generate a new token with firebase login:ci
[debug] [2022-02-15T15:09:33.406Z] > refreshing access token with scopes: []
[debug] [2022-02-15T15:09:33.406Z] >>> HTTP REQUEST POST https://www.googleapis.com/oauth2/v3/token  
 <request body omitted>
[debug] [2022-02-15T15:09:33.414Z] Authentication Error: Your credentials are no longer valid. Please run firebase login --reauth

For CI servers and headless environments, generate a new token with firebase login:ci
[debug] [2022-02-15T15:09:33.415Z] FirebaseError: Authentication Error: Your credentials are no longer valid. Please run firebase login --reauth

For CI servers and headless environments, generate a new token with firebase login:ci
    at invalidCredentialError (/usr/local/lib/node_modules/firebase-tools/lib/auth.js:141:12)
    at refreshTokens (/usr/local/lib/node_modules/firebase-tools/lib/auth.js:448:15)
    at processTicksAndRejections (internal/process/task_queues.js:97:5)
[error] 
[error] Error: Failed to get Firebase project blog-6a0bf. Please make sure the project exists and your account has permission to access it.
